[debug] [2023-01-23T04:44:35.884Z] ----------------------------------------------------------------------
[debug] [2023-01-23T04:44:35.888Z] Command:       C:\Program Files\nodejs\node.exe C:\Users\Admin\AppData\Roaming\npm\node_modules\firebase-tools\lib\bin\firebase.js init
[debug] [2023-01-23T04:44:35.889Z] CLI Version:   11.21.0
[debug] [2023-01-23T04:44:35.889Z] Platform:      win32
[debug] [2023-01-23T04:44:35.890Z] Node Version:  v16.17.0
[debug] [2023-01-23T04:44:35.891Z] Time:          Mon Jan 23 2023 10:14:35 GMT+0530 (India Standard Time)
[debug] [2023-01-23T04:44:35.892Z] ----------------------------------------------------------------------
[debug] 
[debug] [2023-01-23T04:44:35.907Z] > command requires scopes: ["email","openid","https://www.googleapis.com/auth/cloudplatformprojects.readonly","https://www.googleapis.com/auth/firebase","https://www.googleapis.com/auth/cloud-platform"]
[debug] [2023-01-23T04:44:35.908Z] > authorizing via signed-in user (shushantsarve05@gmail.com)
[info] 
     ######## #### ########  ######## ########     ###     ######  ########
     ##        ##  ##     ## ##       ##     ##  ##   ##  ##       ##
     ######    ##  ########  ######   ########  #########  ######  ######
     ##        ##  ##    ##  ##       ##     ## ##     ##       ## ##
     ##       #### ##     ## ######## ########  ##     ##  ######  ########

You're about to initialize a Firebase project in this directory:

  C:\Shushant\Web D\octahack

Before we get started, keep in mind:

  * You are currently outside your home directory

[info] 
=== Project Setup
[info] 
[info] First, let's associate this project directory with a Firebase project.
[info] You can create multiple project aliases by running firebase use --add, 
[info] but for now we'll just set up a default project.
[info] 
[debug] [2023-01-23T04:45:00.086Z] >>> [apiv2][query] GET https://firebase.googleapis.com/v1beta1/projects pageSize=100
[debug] [2023-01-23T04:45:01.183Z] <<< [apiv2][status] GET https://firebase.googleapis.com/v1beta1/projects 200
[debug] [2023-01-23T04:45:01.184Z] <<< [apiv2][body] GET https://firebase.googleapis.com/v1beta1/projects [omitted]
[info] i  Using project urban-resolve (Urban-Resolve) 
[info] 
=== Hosting Setup
[info] 
[info] Your public directory is the folder (relative to your project directory) that
[info] will contain Hosting assets to be uploaded with firebase deploy. If you
[info] have a build process for your assets, use your build's output directory.
[info] 
